==304791== Memcheck, a memory error detector
==304791== Copyright (C) 2002-2017, and GNU GPL'd, by Julian Seward et al.
==304791== Using Valgrind-3.18.1 and LibVEX; rerun with -h for copyright info
==304791== Command: ./philo 200 300 60 600 8
==304791== 
2 167 has taken a fork
8 167 has taken a fork
8 167 is eating
69 167 is sleeping
670 167 is thinking
670 167 has taken a fork
670 167 has taken a fork
670 167 is eating
730 167 is sleeping
1331 167 is thinking
1331 167 has taken a fork
1331 167 has taken a fork
1331 167 is eating
1391 167 is sleeping
1992 167 is thinking
1992 167 has taken a fork
1992 167 has taken a fork
1992 167 is eating
2052 167 is sleeping
2652 167 is thinking
2652 167 has taken a fork
2652 167 has taken a fork
2652 167 is eating
2712 167 is sleeping
3313 167 is thinking
3313 167 has taken a fork
3313 167 has taken a fork
3313 167 is eating
3373 167 is sleeping
3973 167 is thinking
3973 167 has taken a fork
3973 167 has taken a fork
3973 167 is eating
4034 167 is sleeping
4635 167 is thinking
4635 167 has taken a fork
4635 167 has taken a fork
4635 167 is eating
4695 167 is sleeping
5295 167 is thinking
5295 167 has taken a fork
5295 167 has taken a fork
5295 167 is eating
5356 167 is sleeping
5956 167 is thinking
5956 167 has taken a fork
5956 167 has taken a fork
5956 167 is eating
6016 167 is sleeping
6617 167 is thinking
6617 167 has taken a fork
6617 167 has taken a fork
6617 167 is eating
6677 167 is sleeping
7277 167 is thinking
7277 167 has taken a fork
7277 167 has taken a fork
7277 167 is eating
7337 167 is sleeping
7938 167 is thinking
7938 167 has taken a fork
7938 167 has taken a fork
7938 167 is eating
7998 167 is sleeping
8598 167 is thinking
8598 167 has taken a fork
8598 167 has taken a fork
8598 167 is eating
8658 167 is sleeping
9259 167 is thinking
9259 167 has taken a fork
9259 167 has taken a fork
9259 167 is eating
9319 167 is sleeping
9919 167 is thinking
9919 167 has taken a fork
9919 167 has taken a fork
9919 167 is eating
9979 167 is sleeping
10580 167 is thinking
10580 167 has taken a fork
10580 167 has taken a fork
10580 167 is eating
10640 167 is sleeping
11240 167 is thinking
11241 167 has taken a fork
11241 167 has taken a fork
11241 167 is eating
11301 167 is sleeping
11901 167 is thinking
11901 167 has taken a fork
11901 167 has taken a fork
11901 167 is eating
11961 167 is sleeping
12562 167 is thinking
12562 167 has taken a fork
12562 167 has taken a fork
12562 167 is eating
12622 167 is sleeping
13222 167 is thinking
13222 167 has taken a fork
13222 167 has taken a fork
13222 167 is eating
13282 167 is sleeping
13883 167 is thinking
13883 167 has taken a fork
13883 167 has taken a fork
13883 167 is eating
13943 167 is sleeping
14543 167 is thinking
14543 167 has taken a fork
14543 167 has taken a fork
14543 167 is eating
14603 167 is sleeping
15203 167 is thinking
15203 167 has taken a fork
15203 167 has taken a fork
15203 167 is eating
15264 167 is sleeping
15864 167 is thinking
15864 167 has taken a fork
15864 167 has taken a fork
15864 167 is eating
15924 167 is sleeping
16525 167 is thinking
16525 167 has taken a fork
16525 167 has taken a fork
16525 167 is eating
16586 167 is sleeping
17186 167 is thinking
17186 167 has taken a fork
17186 167 has taken a fork
17186 167 is eating
17246 167 is sleeping
17847 167 is thinking
17847 167 has taken a fork
17847 167 has taken a fork
17847 167 is eating
17907 167 is sleeping
18507 167 is thinking
18507 167 has taken a fork
18507 167 has taken a fork
18507 167 is eating
18567 167 is sleeping
19168 167 is thinking
19168 167 has taken a fork
19168 167 has taken a fork
19168 167 is eating
19228 167 is sleeping
19829 167 is thinking
19829 167 has taken a fork
19829 167 has taken a fork
19829 167 is eating
19889 167 is sleeping
20489 167 is thinking
20489 167 has taken a fork
20489 167 has taken a fork
20489 167 is eating
20549 167 is sleeping
21150 167 is thinking
21150 167 has taken a fork
21150 167 has taken a fork
21150 167 is eating
21210 167 is sleeping
21811 167 is thinking
21811 167 has taken a fork
21811 167 has taken a fork
21811 167 is eating
21871 167 is sleeping
22471 167 is thinking
22471 167 has taken a fork
22471 167 has taken a fork
22471 167 is eating
22531 167 is sleeping
23132 167 is thinking
23132 167 has taken a fork
23132 167 has taken a fork
23132 167 is eating
23193 167 is sleeping
23793 167 is thinking
23793 167 has taken a fork
23793 167 has taken a fork
23793 167 is eating
23853 167 is sleeping
24454 167 is thinking
24454 167 has taken a fork
24454 167 has taken a fork
24454 167 is eating
24514 167 is sleeping
25115 167 is thinking
25115 167 has taken a fork
25115 167 has taken a fork
25115 167 is eating
25175 167 is sleeping
25776 167 is thinking
25776 167 has taken a fork
25776 167 has taken a fork
25776 167 is eating
25836 167 is sleeping
26436 167 is thinking
26436 167 has taken a fork
26436 167 has taken a fork
26436 167 is eating
26496 167 is sleeping
27097 167 is thinking
27097 167 has taken a fork
27097 167 has taken a fork
27097 167 is eating
27157 167 is sleeping
27757 167 is thinking
27757 167 has taken a fork
27757 167 has taken a fork
27757 167 is eating
27818 167 is sleeping
28419 167 is thinking
28419 167 has taken a fork
28419 167 has taken a fork
28419 167 is eating
28479 167 is sleeping
29079 167 is thinking
29079 167 has taken a fork
29079 167 has taken a fork
29079 167 is eating
29139 167 is sleeping
29740 167 is thinking
29740 167 has taken a fork
29740 167 has taken a fork
29740 167 is eating
29800 167 is sleeping
30401 167 is thinking
30401 167 has taken a fork
30401 167 has taken a fork
30401 167 is eating
30461 167 is sleeping
31061 167 is thinking
31061 167 has taken a fork
31061 167 has taken a fork
31061 167 is eating
31121 167 is sleeping
31722 167 is thinking
31722 167 has taken a fork
31722 167 has taken a fork
31722 167 is eating
31782 167 is sleeping
32382 167 is thinking
32382 167 has taken a fork
32382 167 has taken a fork
32382 167 is eating
32442 167 is sleeping
33042 167 is thinking
33042 167 has taken a fork
33042 167 has taken a fork
33042 167 is eating
33102 167 is sleeping
33702 167 is thinking
33703 167 has taken a fork
33703 167 has taken a fork
33703 167 is eating
33763 167 is sleeping
34363 167 is thinking
34363 167 has taken a fork
34363 167 has taken a fork
34363 167 is eating
34424 167 is sleeping
35024 167 is thinking
35024 167 has taken a fork
35024 167 has taken a fork
35024 167 is eating
35085 167 is sleeping
35685 167 is thinking
35685 167 has taken a fork
35685 167 has taken a fork
35685 167 is eating
35745 167 is sleeping
36345 167 is thinking
36345 167 has taken a fork
36345 167 has taken a fork
36345 167 is eating
36405 167 is sleeping
37006 167 is thinking
37006 167 has taken a fork
37006 167 has taken a fork
37006 167 is eating
37066 167 is sleeping
37666 167 is thinking
37666 167 has taken a fork
37666 167 has taken a fork
37666 167 is eating
37726 167 is sleeping
38327 167 is thinking
38327 167 has taken a fork
38327 167 has taken a fork
38327 167 is eating
38387 167 is sleeping
38988 167 is thinking
38988 167 has taken a fork
38988 167 has taken a fork
38988 167 is eating
39048 167 is sleeping
39648 167 is thinking
39648 167 has taken a fork
39648 167 has taken a fork
39648 167 is eating
39708 167 is sleeping
40308 167 is thinking
40308 167 has taken a fork
40308 167 has taken a fork
40308 167 is eating
40368 167 is sleeping
40968 167 is thinking
40968 167 has taken a fork
40968 167 has taken a fork
40968 167 is eating
41029 167 is sleeping
41630 167 is thinking
41630 167 has taken a fork
41630 167 has taken a fork
41630 167 is eating
41690 167 is sleeping
42290 167 is thinking
42290 167 has taken a fork
42290 167 has taken a fork
42290 167 is eating
42350 167 is sleeping
42951 167 is thinking
42951 167 has taken a fork
42951 167 has taken a fork
42951 167 is eating
43011 167 is sleeping
43611 167 is thinking
43612 167 has taken a fork
43612 167 has taken a fork
43612 167 is eating
43672 167 is sleeping
44272 167 is thinking
44272 167 has taken a fork
44272 167 has taken a fork
44272 167 is eating
44332 167 is sleeping
44933 167 is thinking
44933 167 has taken a fork
44933 167 has taken a fork
44933 167 is eating
44993 167 is sleeping
45594 167 is thinking
45594 167 has taken a fork
45594 167 has taken a fork
45594 167 is eating
45654 167 is sleeping
46254 167 is thinking
46254 167 has taken a fork
==304791== 
==304791== Process terminating with default action of signal 15 (SIGTERM)
==304791==    at 0x4906117: __futex_abstimed_wait_common64 (futex-internal.c:57)
==304791==    by 0x4906117: __futex_abstimed_wait_common (futex-internal.c:87)
==304791==    by 0x4906117: __futex_abstimed_wait_cancelable64 (futex-internal.c:139)
==304791==    by 0x490B623: __pthread_clockjoin_ex (pthread_join_common.c:105)
==304791==    by 0x401278: main (main.c:30)
==304791== 
==304791== HEAP SUMMARY:
==304791==     in use at exit: 86,156 bytes in 206 blocks
==304791==   total heap usage: 206 allocs, 0 frees, 86,156 bytes allocated
==304791== 
==304791== 272 bytes in 1 blocks are possibly lost in loss record 3 of 7
==304791==    at 0x484DA83: calloc (in /usr/libexec/valgrind/vgpreload_memcheck-amd64-linux.so)
==304791==    by 0x40147D9: calloc (rtld-malloc.h:44)
==304791==    by 0x40147D9: allocate_dtv (dl-tls.c:375)
==304791==    by 0x40147D9: _dl_allocate_tls (dl-tls.c:634)
==304791==    by 0x490A7B4: allocate_stack (allocatestack.c:430)
==304791==    by 0x490A7B4: pthread_create@@GLIBC_2.34 (pthread_create.c:647)
==304791==    by 0x402015: ft_init_threads (init_threads.c:36)
==304791==    by 0x401246: main (main.c:28)
==304791== 
==304791== 54,400 bytes in 200 blocks are possibly lost in loss record 7 of 7
==304791==    at 0x484DA83: calloc (in /usr/libexec/valgrind/vgpreload_memcheck-amd64-linux.so)
==304791==    by 0x40147D9: calloc (rtld-malloc.h:44)
==304791==    by 0x40147D9: allocate_dtv (dl-tls.c:375)
==304791==    by 0x40147D9: _dl_allocate_tls (dl-tls.c:634)
==304791==    by 0x490A7B4: allocate_stack (allocatestack.c:430)
==304791==    by 0x490A7B4: pthread_create@@GLIBC_2.34 (pthread_create.c:647)
==304791==    by 0x40212F: ft_init_philo_threads (init_threads.c:62)
==304791==    by 0x401FD1: ft_init_threads (init_threads.c:31)
==304791==    by 0x401246: main (main.c:28)
==304791== 
==304791== LEAK SUMMARY:
==304791==    definitely lost: 0 bytes in 0 blocks
==304791==    indirectly lost: 0 bytes in 0 blocks
==304791==      possibly lost: 54,672 bytes in 201 blocks
==304791==    still reachable: 31,484 bytes in 5 blocks
==304791==         suppressed: 0 bytes in 0 blocks
==304791== Reachable blocks (those to which a pointer was found) are not shown.
==304791== To see them, rerun with: --leak-check=full --show-leak-kinds=all
==304791== 
==304791== For lists of detected and suppressed errors, rerun with: -s
==304791== ERROR SUMMARY: 7 errors from 7 contexts (suppressed: 0 from 0)
